#
# There is insufficient memory for the Java Runtime Environment to continue.
# Native memory allocation (mmap) failed to map 65536 bytes for Failed to commit metaspace.
# Possible reasons:
#   The system is out of physical RAM or swap space
#   The process is running with CompressedOops enabled, and the Java Heap may be blocking the growth of the native heap
# Possible solutions:
#   Reduce memory load on the system
#   Increase physical memory or swap space
#   Check if swap backing store is full
#   Decrease Java heap size (-Xmx/-Xms)
#   Decrease number of Java threads
#   Decrease Java thread stack sizes (-Xss)
#   Set larger code cache with -XX:ReservedCodeCacheSize=
#   JVM is running with Unscaled Compressed Oops mode in which the Java heap is
#     placed in the first 4GB address space. The Java Heap base address is the
#     maximum limit for the native heap growth. Please use -XX:HeapBaseMinAddress
#     to set the Java Heap base and to place the Java Heap above 4GB virtual address.
# This output file may be truncated or incomplete.
#
#  Out of Memory Error (virtualSpaceNode.cpp:110), pid=31424, tid=28952
#
# JRE version: Java(TM) SE Runtime Environment (17.0.6+9) (build 17.0.6+9-LTS-190)
# Java VM: Java HotSpot(TM) 64-Bit Server VM (17.0.6+9-LTS-190, mixed mode, sharing, tiered, compressed oops, compressed class ptrs, g1 gc, windows-amd64)
# No core dump will be written. Minidumps are not enabled by default on client versions of Windows
#

---------------  S U M M A R Y ------------

Command Line: -Dfile.encoding=UTF-8 -Dstdout.encoding=UTF-8 -Dstderr.encoding=UTF-8 --module-path=C:\Users\eliza\Downloads\mysql-connector-j-8.4.0\mysql-connector-j-8.4.0\mysql-connector-j-8.4.0.jar -XX:+ShowCodeDetailsInExceptionMessages br.com.sistema.view.FormularioClientes

Host: AMD Ryzen 5 5600H with Radeon Graphics         , 8 cores, 7G,  Windows 11 , 64 bit Build 22621 (10.0.22621.3672)
Time: Fri Jun 14 09:24:18 2024 Hora oficial do Brasil elapsed time: 0.480409 seconds (0d 0h 0m 0s)

---------------  T H R E A D  ---------------

Current thread (0x000001a061977350):  JavaThread "main" [_thread_in_vm, id=28952, stack(0x00000096c8a00000,0x00000096c8b00000)]

Stack: [0x00000096c8a00000,0x00000096c8b00000]
Native frames: (J=compiled Java code, j=interpreted, Vv=VM code, C=native code)
V  [jvm.dll+0x6734ea]
V  [jvm.dll+0x7d18f4]
V  [jvm.dll+0x7d309e]
V  [jvm.dll+0x7d3703]
V  [jvm.dll+0x2433c5]
V  [jvm.dll+0x7cd9fb]
V  [jvm.dll+0x619546]
V  [jvm.dll+0x6195aa]
V  [jvm.dll+0x61bdcd]
V  [jvm.dll+0x619f06]
V  [jvm.dll+0x23b1c5]
V  [jvm.dll+0x6c9993]
V  [jvm.dll+0x6ca35f]
V  [jvm.dll+0x36b265]
V  [jvm.dll+0x36a442]
V  [jvm.dll+0x36a3e8]
V  [jvm.dll+0x37a0ea]
C  0x000001a07073b80d

Java frames: (J=compiled Java code, j=interpreted, Vv=VM code)
j  java.awt.image.ColorModel.getRGBdefault()Ljava/awt/image/ColorModel;+6 java.desktop@17.0.6
j  sun.java2d.NullSurfaceData.<init>()V+7 java.desktop@17.0.6
j  sun.java2d.NullSurfaceData.<clinit>()V+4 java.desktop@17.0.6
v  ~StubRoutines::call_stub
j  sun.java2d.SurfaceData.initIDs()V+0 java.desktop@17.0.6
j  sun.java2d.SurfaceData.<clinit>()V+0 java.desktop@17.0.6
v  ~StubRoutines::call_stub
j  sun.awt.windows.WToolkit.initIDs()V+0 java.desktop@17.0.6
j  sun.awt.windows.WToolkit.<clinit>()V+20 java.desktop@17.0.6
v  ~StubRoutines::call_stub
j  sun.awt.PlatformGraphicsInfo.createToolkit()Ljava/awt/Toolkit;+0 java.desktop@17.0.6
j  java.awt.Toolkit.getDefaultToolkit()Ljava/awt/Toolkit;+6 java.desktop@17.0.6
j  javax.swing.UIManager.<clinit>()V+106 java.desktop@17.0.6
v  ~StubRoutines::call_stub
j  br.com.sistema.view.FormularioClientes.main([Ljava/lang/String;)V+0
v  ~StubRoutines::call_stub

---------------  P R O C E S S  ---------------

Threads class SMR info:
_java_thread_list=0x000001a000b543f0, length=12, elements={
0x000001a061977350, 0x000001a07f506d50, 0x000001a07f5099d0, 0x000001a07f51bfb0,
0x000001a07f51d880, 0x000001a07f51f150, 0x000001a07f51fa10, 0x000001a07f52d0f0,
0x000001a07f535ab0, 0x000001a07f54eb60, 0x000001a07f4f29f0, 0x000001a000b5f0b0
}

Java Threads: ( => current thread )
=>0x000001a061977350 JavaThread "main" [_thread_in_vm, id=28952, stack(0x00000096c8a00000,0x00000096c8b00000)]
  0x000001a07f506d50 JavaThread "Reference Handler" daemon [_thread_blocked, id=29216, stack(0x00000096c9100000,0x00000096c9200000)]
  0x000001a07f5099d0 JavaThread "Finalizer" daemon [_thread_blocked, id=20880, stack(0x00000096c9200000,0x00000096c9300000)]
  0x000001a07f51bfb0 JavaThread "Signal Dispatcher" daemon [_thread_blocked, id=19376, stack(0x00000096c9300000,0x00000096c9400000)]
  0x000001a07f51d880 JavaThread "Attach Listener" daemon [_thread_blocked, id=19288, stack(0x00000096c9400000,0x00000096c9500000)]
  0x000001a07f51f150 JavaThread "Service Thread" daemon [_thread_blocked, id=20228, stack(0x00000096c9500000,0x00000096c9600000)]
  0x000001a07f51fa10 JavaThread "Monitor Deflation Thread" daemon [_thread_blocked, id=27400, stack(0x00000096c9600000,0x00000096c9700000)]
  0x000001a07f52d0f0 JavaThread "C2 CompilerThread0" daemon [_thread_blocked, id=3664, stack(0x00000096c9700000,0x00000096c9800000)]
  0x000001a07f535ab0 JavaThread "C1 CompilerThread0" daemon [_thread_blocked, id=21720, stack(0x00000096c9800000,0x00000096c9900000)]
  0x000001a07f54eb60 JavaThread "Sweeper thread" daemon [_thread_blocked, id=30844, stack(0x00000096c9900000,0x00000096c9a00000)]
  0x000001a07f4f29f0 JavaThread "Common-Cleaner" daemon [_thread_blocked, id=20148, stack(0x00000096c9a00000,0x00000096c9b00000)]
  0x000001a000b5f0b0 JavaThread "Notification Thread" daemon [_thread_blocked, id=26484, stack(0x00000096c9b00000,0x00000096c9c00000)]

Other Threads:
  0x000001a07f502e60 VMThread "VM Thread" [stack: 0x00000096c9000000,0x00000096c9100000] [id=14376]
  0x000001a0619e9d00 WatcherThread [stack: 0x00000096c9c00000,0x00000096c9d00000] [id=31724]
  0x000001a0619cd0d0 GCTaskThread "GC Thread#0" [stack: 0x00000096c8b00000,0x00000096c8c00000] [id=19324]
  0x000001a0619dd400 ConcurrentGCThread "G1 Main Marker" [stack: 0x00000096c8c00000,0x00000096c8d00000] [id=26356]
  0x000001a0619e0230 ConcurrentGCThread "G1 Conc#0" [stack: 0x00000096c8d00000,0x00000096c8e00000] [id=25352]
  0x000001a07f3c24b0 ConcurrentGCThread "G1 Refine#0" [stack: 0x00000096c8e00000,0x00000096c8f00000] [id=29820]
  0x000001a061a3e4e0 ConcurrentGCThread "G1 Service" [stack: 0x00000096c8f00000,0x00000096c9000000] [id=26540]

Threads with active compile tasks:

VM state: not at safepoint (normal execution)

VM Mutex/Monitor currently owned by a thread:  ([mutex/lock_event])
[0x000001a0619709c0] Metaspace_lock - owner thread: 0x000001a061977350

Heap address: 0x000000008a400000, size: 1884 MB, Compressed Oops mode: 32-bit

CDS archive(s) mapped at: [0x0000000800000000-0x0000000800bd0000-0x0000000800bd0000), size 12386304, SharedBaseAddress: 0x0000000800000000, ArchiveRelocationMode: 0.
Compressed class space mapped at: 0x0000000800c00000-0x0000000840c00000, reserved size: 1073741824
Narrow klass base: 0x0000000800000000, Narrow klass shift: 0, Narrow klass range: 0x100000000

GC Precious Log:
 CPUs: 8 total, 8 available
 Memory: 7532M
 Large Page Support: Disabled
 NUMA Support: Disabled
 Compressed Oops: Enabled (32-bit)
 Heap Region Size: 1M
 Heap Min Capacity: 8M
 Heap Initial Capacity: 118M
 Heap Max Capacity: 1884M
 Pre-touch: Disabled
 Parallel Workers: 8
 Concurrent Workers: 2
 Concurrent Refinement Workers: 8
 Periodic GC: Disabled

Heap:
 garbage-first heap   total 120832K, used 4096K [0x000000008a400000, 0x0000000100000000)
  region size 1024K, 5 young (5120K), 0 survivors (0K)
 Metaspace       used 2329K, committed 2496K, reserved 1056768K
  class space    used 214K, committed 320K, reserved 1048576K

Heap Regions: E=young(eden), S=young(survivor), O=old, HS=humongous(starts), HC=humongous(continues), CS=collection set, F=free, OA=open archive, CA=closed archive, TAMS=top-at-mark-start (previous, next)
|   0|0x000000008a400000, 0x000000008a400000, 0x000000008a500000|  0%| F|  |TAMS 0x000000008a400000, 0x000000008a400000| Untracked 
|   1|0x000000008a500000, 0x000000008a500000, 0x000000008a600000|  0%| F|  |TAMS 0x000000008a500000, 0x000000008a500000| Untracked 
|   2|0x000000008a600000, 0x000000008a600000, 0x000000008a700000|  0%| F|  |TAMS 0x000000008a600000, 0x000000008a600000| Untracked 
|   3|0x000000008a700000, 0x000000008a700000, 0x000000008a800000|  0%| F|  |TAMS 0x000000008a700000, 0x000000008a700000| Untracked 
|   4|0x000000008a800000, 0x000000008a800000, 0x000000008a900000|  0%| F|  |TAMS 0x000000008a800000, 0x000000008a800000| Untracked 
|   5|0x000000008a900000, 0x000000008a900000, 0x000000008aa00000|  0%| F|  |TAMS 0x000000008a900000, 0x000000008a900000| Untracked 
|   6|0x000000008aa00000, 0x000000008aa00000, 0x000000008ab00000|  0%| F|  |TAMS 0x000000008aa00000, 0x000000008aa00000| Untracked 
|   7|0x000000008ab00000, 0x000000008ab00000, 0x000000008ac00000|  0%| F|  |TAMS 0x000000008ab00000, 0x000000008ab00000| Untracked 
|   8|0x000000008ac00000, 0x000000008ac00000, 0x000000008ad00000|  0%| F|  |TAMS 0x000000008ac00000, 0x000000008ac00000| Untracked 
|   9|0x000000008ad00000, 0x000000008ad00000, 0x000000008ae00000|  0%| F|  |TAMS 0x000000008ad00000, 0x000000008ad00000| Untracked 
|  10|0x000000008ae00000, 0x000000008ae00000, 0x000000008af00000|  0%| F|  |TAMS 0x000000008ae00000, 0x000000008ae00000| Untracked 
|  11|0x000000008af00000, 0x000000008af00000, 0x000000008b000000|  0%| F|  |TAMS 0x000000008af00000, 0x000000008af00000| Untracked 
|  12|0x000000008b000000, 0x000000008b000000, 0x000000008b100000|  0%| F|  |TAMS 0x000000008b000000, 0x000000008b000000| Untracked 
|  13|0x000000008b100000, 0x000000008b100000, 0x000000008b200000|  0%| F|  |TAMS 0x000000008b100000, 0x000000008b100000| Untracked 
|  14|0x000000008b200000, 0x000000008b200000, 0x000000008b300000|  0%| F|  |TAMS 0x000000008b200000, 0x000000008b200000| Untracked 
|  15|0x000000008b300000, 0x000000008b300000, 0x000000008b400000|  0%| F|  |TAMS 0x000000008b300000, 0x000000008b300000| Untracked 
|  16|0x000000008b400000, 0x000000008b400000, 0x000000008b500000|  0%| F|  |TAMS 0x000000008b400000, 0x000000008b400000| Untracked 
|  17|0x000000008b500000, 0x000000008b500000, 0x000000008b600000|  0%| F|  |TAMS 0x000000008b500000, 0x000000008b500000| Untracked 
|  18|0x000000008b600000, 0x000000008b600000, 0x000000008b700000|  0%| F|  |TAMS 0x000000008b600000, 0x000000008b600000| Untracked 
|  19|0x000000008b700000, 0x000000008b700000, 0x000000008b800000|  0%| F|  |TAMS 0x000000008b700000, 0x000000008b700000| Untracked 
|  20|0x000000008b800000, 0x000000008b800000, 0x000000008b900000|  0%| F|  |TAMS 0x000000008b800000, 0x000000008b800000| Untracked 
|  21|0x000000008b900000, 0x000000008b900000, 0x000000008ba00000|  0%| F|  |TAMS 0x000000008b900000, 0x000000008b900000| Untracked 
|  22|0x000000008ba00000, 0x000000008ba00000, 0x000000008bb00000|  0%| F|  |TAMS 0x000000008ba00000, 0x000000008ba00000| Untracked 
|  23|0x000000008bb00000, 0x000000008bb00000, 0x000000008bc00000|  0%| F|  |TAMS 0x000000008bb00000, 0x000000008bb00000| Untracked 
|  24|0x000000008bc00000, 0x000000008bc00000, 0x000000008bd00000|  0%| F|  |TAMS 0x000000008bc00000, 0x000000008bc00000| Untracked 
|  25|0x000000008bd00000, 0x000000008bd00000, 0x000000008be00000|  0%| F|  |TAMS 0x000000008bd00000, 0x000000008bd00000| Untracked 
|  26|0x000000008be00000, 0x000000008be00000, 0x000000008bf00000|  0%| F|  |TAMS 0x000000008be00000, 0x000000008be00000| Untracked 
|  27|0x000000008bf00000, 0x000000008bf00000, 0x000000008c000000|  0%| F|  |TAMS 0x000000008bf00000, 0x000000008bf00000| Untracked 
|  28|0x000000008c000000, 0x000000008c000000, 0x000000008c100000|  0%| F|  |TAMS 0x000000008c000000, 0x000000008c000000| Untracked 
|  29|0x000000008c100000, 0x000000008c100000, 0x000000008c200000|  0%| F|  |TAMS 0x000000008c100000, 0x000000008c100000| Untracked 
|  30|0x000000008c200000, 0x000000008c200000, 0x000000008c300000|  0%| F|  |TAMS 0x000000008c200000, 0x000000008c200000| Untracked 
|  31|0x000000008c300000, 0x000000008c300000, 0x000000008c400000|  0%| F|  |TAMS 0x000000008c300000, 0x000000008c300000| Untracked 
|  32|0x000000008c400000, 0x000000008c400000, 0x000000008c500000|  0%| F|  |TAMS 0x000000008c400000, 0x000000008c400000| Untracked 
|  33|0x000000008c500000, 0x000000008c500000, 0x000000008c600000|  0%| F|  |TAMS 0x000000008c500000, 0x000000008c500000| Untracked 
|  34|0x000000008c600000, 0x000000008c600000, 0x000000008c700000|  0%| F|  |TAMS 0x000000008c600000, 0x000000008c600000| Untracked 
|  35|0x000000008c700000, 0x000000008c700000, 0x000000008c800000|  0%| F|  |TAMS 0x000000008c700000, 0x000000008c700000| Untracked 
|  36|0x000000008c800000, 0x000000008c800000, 0x000000008c900000|  0%| F|  |TAMS 0x000000008c800000, 0x000000008c800000| Untracked 
|  37|0x000000008c900000, 0x000000008c900000, 0x000000008ca00000|  0%| F|  |TAMS 0x000000008c900000, 0x000000008c900000| Untracked 
|  38|0x000000008ca00000, 0x000000008ca00000, 0x000000008cb00000|  0%| F|  |TAMS 0x000000008ca00000, 0x000000008ca00000| Untracked 
|  39|0x000000008cb00000, 0x000000008cb00000, 0x000000008cc00000|  0%| F|  |TAMS 0x000000008cb00000, 0x000000008cb00000| Untracked 
|  40|0x000000008cc00000, 0x000000008cc00000, 0x000000008cd00000|  0%| F|  |TAMS 0x000000008cc00000, 0x000000008cc00000| Untracked 
|  41|0x000000008cd00000, 0x000000008cd00000, 0x000000008ce00000|  0%| F|  |TAMS 0x000000008cd00000, 0x000000008cd00000| Untracked 
|  42|0x000000008ce00000, 0x000000008ce00000, 0x000000008cf00000|  0%| F|  |TAMS 0x000000008ce00000, 0x000000008ce00000| Untracked 
|  43|0x000000008cf00000, 0x000000008cf00000, 0x000000008d000000|  0%| F|  |TAMS 0x000000008cf00000, 0x000000008cf00000| Untracked 
|  44|0x000000008d000000, 0x000000008d000000, 0x000000008d100000|  0%| F|  |TAMS 0x000000008d000000, 0x000000008d000000| Untracked 
|  45|0x000000008d100000, 0x000000008d100000, 0x000000008d200000|  0%| F|  |TAMS 0x000000008d100000, 0x000000008d100000| Untracked 
|  46|0x000000008d200000, 0x000000008d200000, 0x000000008d300000|  0%| F|  |TAMS 0x000000008d200000, 0x000000008d200000| Untracked 
|  47|0x000000008d300000, 0x000000008d300000, 0x000000008d400000|  0%| F|  |TAMS 0x000000008d300000, 0x000000008d300000| Untracked 
|  48|0x000000008d400000, 0x000000008d400000, 0x000000008d500000|  0%| F|  |TAMS 0x000000008d400000, 0x000000008d400000| Untracked 
|  49|0x000000008d500000, 0x000000008d500000, 0x000000008d600000|  0%| F|  |TAMS 0x000000008d500000, 0x000000008d500000| Untracked 
|  50|0x000000008d600000, 0x000000008d600000, 0x000000008d700000|  0%| F|  |TAMS 0x000000008d600000, 0x000000008d600000| Untracked 
|  51|0x000000008d700000, 0x000000008d700000, 0x000000008d800000|  0%| F|  |TAMS 0x000000008d700000, 0x000000008d700000| Untracked 
|  52|0x000000008d800000, 0x000000008d800000, 0x000000008d900000|  0%| F|  |TAMS 0x000000008d800000, 0x000000008d800000| Untracked 
|  53|0x000000008d900000, 0x000000008d900000, 0x000000008da00000|  0%| F|  |TAMS 0x000000008d900000, 0x000000008d900000| Untracked 
|  54|0x000000008da00000, 0x000000008da00000, 0x000000008db00000|  0%| F|  |TAMS 0x000000008da00000, 0x000000008da00000| Untracked 
|  55|0x000000008db00000, 0x000000008db00000, 0x000000008dc00000|  0%| F|  |TAMS 0x000000008db00000, 0x000000008db00000| Untracked 
|  56|0x000000008dc00000, 0x000000008dc00000, 0x000000008dd00000|  0%| F|  |TAMS 0x000000008dc00000, 0x000000008dc00000| Untracked 
|  57|0x000000008dd00000, 0x000000008dd00000, 0x000000008de00000|  0%| F|  |TAMS 0x000000008dd00000, 0x000000008dd00000| Untracked 
|  58|0x000000008de00000, 0x000000008de00000, 0x000000008df00000|  0%| F|  |TAMS 0x000000008de00000, 0x000000008de00000| Untracked 
|  59|0x000000008df00000, 0x000000008df00000, 0x000000008e000000|  0%| F|  |TAMS 0x000000008df00000, 0x000000008df00000| Untracked 
|  60|0x000000008e000000, 0x000000008e000000, 0x000000008e100000|  0%| F|  |TAMS 0x000000008e000000, 0x000000008e000000| Untracked 
|  61|0x000000008e100000, 0x000000008e100000, 0x000000008e200000|  0%| F|  |TAMS 0x000000008e100000, 0x000000008e100000| Untracked 
|  62|0x000000008e200000, 0x000000008e200000, 0x000000008e300000|  0%| F|  |TAMS 0x000000008e200000, 0x000000008e200000| Untracked 
|  63|0x000000008e300000, 0x000000008e300000, 0x000000008e400000|  0%| F|  |TAMS 0x000000008e300000, 0x000000008e300000| Untracked 
|  64|0x000000008e400000, 0x000000008e400000, 0x000000008e500000|  0%| F|  |TAMS 0x000000008e400000, 0x000000008e400000| Untracked 
|  65|0x000000008e500000, 0x000000008e500000, 0x000000008e600000|  0%| F|  |TAMS 0x000000008e500000, 0x000000008e500000| Untracked 
|  66|0x000000008e600000, 0x000000008e600000, 0x000000008e700000|  0%| F|  |TAMS 0x000000008e600000, 0x000000008e600000| Untracked 
|  67|0x000000008e700000, 0x000000008e700000, 0x000000008e800000|  0%| F|  |TAMS 0x000000008e700000, 0x000000008e700000| Untracked 
|  68|0x000000008e800000, 0x000000008e800000, 0x000000008e900000|  0%| F|  |TAMS 0x000000008e800000, 0x000000008e800000| Untracked 
|  69|0x000000008e900000, 0x000000008e900000, 0x000000008ea00000|  0%| F|  |TAMS 0x000000008e900000, 0x000000008e900000| Untracked 
|  70|0x000000008ea00000, 0x000000008ea00000, 0x000000008eb00000|  0%| F|  |TAMS 0x000000008ea00000, 0x000000008ea00000| Untracked 
|  71|0x000000008eb00000, 0x000000008eb00000, 0x000000008ec00000|  0%| F|  |TAMS 0x000000008eb00000, 0x000000008eb00000| Untracked 
|  72|0x000000008ec00000, 0x000000008ec00000, 0x000000008ed00000|  0%| F|  |TAMS 0x000000008ec00000, 0x000000008ec00000| Untracked 
|  73|0x000000008ed00000, 0x000000008ed00000, 0x000000008ee00000|  0%| F|  |TAMS 0x000000008ed00000, 0x000000008ed00000| Untracked 
|  74|0x000000008ee00000, 0x000000008ee00000, 0x000000008ef00000|  0%| F|  |TAMS 0x000000008ee00000, 0x000000008ee00000| Untracked 
|  75|0x000000008ef00000, 0x000000008ef00000, 0x000000008f000000|  0%| F|  |TAMS 0x000000008ef00000, 0x000000008ef00000| Untracked 
|  76|0x000000008f000000, 0x000000008f000000, 0x000000008f100000|  0%| F|  |TAMS 0x000000008f000000, 0x000000008f000000| Untracked 
|  77|0x000000008f100000, 0x000000008f100000, 0x000000008f200000|  0%| F|  |TAMS 0x000000008f100000, 0x000000008f100000| Untracked 
|  78|0x000000008f200000, 0x000000008f200000, 0x000000008f300000|  0%| F|  |TAMS 0x000000008f200000, 0x000000008f200000| Untracked 
|  79|0x000000008f300000, 0x000000008f300000, 0x000000008f400000|  0%| F|  |TAMS 0x000000008f300000, 0x000000008f300000| Untracked 
|  80|0x000000008f400000, 0x000000008f400000, 0x000000008f500000|  0%| F|  |TAMS 0x000000008f400000, 0x000000008f400000| Untracked 
|  81|0x000000008f500000, 0x000000008f500000, 0x000000008f600000|  0%| F|  |TAMS 0x000000008f500000, 0x000000008f500000| Untracked 
|  82|0x000000008f600000, 0x000000008f600000, 0x000000008f700000|  0%| F|  |TAMS 0x000000008f600000, 0x000000008f600000| Untracked 
|  83|0x000000008f700000, 0x000000008f700000, 0x000000008f800000|  0%| F|  |TAMS 0x000000008f700000, 0x000000008f700000| Untracked 
|  84|0x000000008f800000, 0x000000008f800000, 0x000000008f900000|  0%| F|  |TAMS 0x000000008f800000, 0x000000008f800000| Untracked 
|  85|0x000000008f900000, 0x000000008f900000, 0x000000008fa00000|  0%| F|  |TAMS 0x000000008f900000, 0x000000008f900000| Untracked 
|  86|0x000000008fa00000, 0x000000008fa00000, 0x000000008fb00000|  0%| F|  |TAMS 0x000000008fa00000, 0x000000008fa00000| Untracked 
|  87|0x000000008fb00000, 0x000000008fb00000, 0x000000008fc00000|  0%| F|  |TAMS 0x000000008fb00000, 0x000000008fb00000| Untracked 
|  88|0x000000008fc00000, 0x000000008fc00000, 0x000000008fd00000|  0%| F|  |TAMS 0x000000008fc00000, 0x000000008fc00000| Untracked 
|  89|0x000000008fd00000, 0x000000008fd00000, 0x000000008fe00000|  0%| F|  |TAMS 0x000000008fd00000, 0x000000008fd00000| Untracked 
|  90|0x000000008fe00000, 0x000000008fe00000, 0x000000008ff00000|  0%| F|  |TAMS 0x000000008fe00000, 0x000000008fe00000| Untracked 
|  91|0x000000008ff00000, 0x000000008ff00000, 0x0000000090000000|  0%| F|  |TAMS 0x000000008ff00000, 0x000000008ff00000| Untracked 
|  92|0x0000000090000000, 0x0000000090000000, 0x0000000090100000|  0%| F|  |TAMS 0x0000000090000000, 0x0000000090000000| Untracked 
|  93|0x0000000090100000, 0x0000000090100000, 0x0000000090200000|  0%| F|  |TAMS 0x0000000090100000, 0x0000000090100000| Untracked 
|  94|0x0000000090200000, 0x0000000090200000, 0x0000000090300000|  0%| F|  |TAMS 0x0000000090200000, 0x0000000090200000| Untracked 
|  95|0x0000000090300000, 0x0000000090300000, 0x0000000090400000|  0%| F|  |TAMS 0x0000000090300000, 0x0000000090300000| Untracked 
|  96|0x0000000090400000, 0x0000000090400000, 0x0000000090500000|  0%| F|  |TAMS 0x0000000090400000, 0x0000000090400000| Untracked 
|  97|0x0000000090500000, 0x0000000090500000, 0x0000000090600000|  0%| F|  |TAMS 0x0000000090500000, 0x0000000090500000| Untracked 
|  98|0x0000000090600000, 0x0000000090600000, 0x0000000090700000|  0%| F|  |TAMS 0x0000000090600000, 0x0000000090600000| Untracked 
|  99|0x0000000090700000, 0x0000000090700000, 0x0000000090800000|  0%| F|  |TAMS 0x0000000090700000, 0x0000000090700000| Untracked 
| 100|0x0000000090800000, 0x0000000090800000, 0x0000000090900000|  0%| F|  |TAMS 0x0000000090800000, 0x0000000090800000| Untracked 
| 101|0x0000000090900000, 0x0000000090900000, 0x0000000090a00000|  0%| F|  |TAMS 0x0000000090900000, 0x0000000090900000| Untracked 
| 102|0x0000000090a00000, 0x0000000090a00000, 0x0000000090b00000|  0%| F|  |TAMS 0x0000000090a00000, 0x0000000090a00000| Untracked 
| 103|0x0000000090b00000, 0x0000000090b00000, 0x0000000090c00000|  0%| F|  |TAMS 0x0000000090b00000, 0x0000000090b00000| Untracked 
| 104|0x0000000090c00000, 0x0000000090c00000, 0x0000000090d00000|  0%| F|  |TAMS 0x0000000090c00000, 0x0000000090c00000| Untracked 
| 105|0x0000000090d00000, 0x0000000090d00000, 0x0000000090e00000|  0%| F|  |TAMS 0x0000000090d00000, 0x0000000090d00000| Untracked 
| 106|0x0000000090e00000, 0x0000000090e00000, 0x0000000090f00000|  0%| F|  |TAMS 0x0000000090e00000, 0x0000000090e00000| Untracked 
| 107|0x0000000090f00000, 0x0000000090f00000, 0x0000000091000000|  0%| F|  |TAMS 0x0000000090f00000, 0x0000000090f00000| Untracked 
| 108|0x0000000091000000, 0x0000000091000000, 0x0000000091100000|  0%| F|  |TAMS 0x0000000091000000, 0x0000000091000000| Untracked 
| 109|0x0000000091100000, 0x0000000091100000, 0x0000000091200000|  0%| F|  |TAMS 0x0000000091100000, 0x0000000091100000| Untracked 
| 110|0x0000000091200000, 0x0000000091200000, 0x0000000091300000|  0%| F|  |TAMS 0x0000000091200000, 0x0000000091200000| Untracked 
| 111|0x0000000091300000, 0x0000000091300000, 0x0000000091400000|  0%| F|  |TAMS 0x0000000091300000, 0x0000000091300000| Untracked 
| 112|0x0000000091400000, 0x0000000091400000, 0x0000000091500000|  0%| F|  |TAMS 0x0000000091400000, 0x0000000091400000| Untracked 
| 113|0x0000000091500000, 0x0000000091576440, 0x0000000091600000| 46%| E|  |TAMS 0x0000000091500000, 0x0000000091500000| Complete 
| 114|0x0000000091600000, 0x0000000091700000, 0x0000000091700000|100%| E|CS|TAMS 0x0000000091600000, 0x0000000091600000| Complete 
| 115|0x0000000091700000, 0x0000000091800000, 0x0000000091800000|100%| E|CS|TAMS 0x0000000091700000, 0x0000000091700000| Complete 
| 116|0x0000000091800000, 0x0000000091900000, 0x0000000091900000|100%| E|CS|TAMS 0x0000000091800000, 0x0000000091800000| Complete 
| 117|0x0000000091900000, 0x0000000091a00000, 0x0000000091a00000|100%| E|CS|TAMS 0x0000000091900000, 0x0000000091900000| Complete 

Card table byte_map: [0x000001a0788e0000,0x000001a078c90000] _byte_map_base: 0x000001a07848e000

Marking Bits (Prev, Next): (CMBitMap*) 0x000001a0619cd6e0, (CMBitMap*) 0x000001a0619cd720
 Prev Bits: [0x000001a079040000, 0x000001a07adb0000)
 Next Bits: [0x000001a07adb0000, 0x000001a07cb20000)

Polling page: 0x000001a05f980000

Metaspace:

Usage:
  Non-class:      2.07 MB used.
      Class:    214.35 KB used.
       Both:      2.27 MB used.

Virtual space:
  Non-class space:        8.00 MB reserved,       2.12 MB ( 27%) committed,  1 nodes.
      Class space:        1.00 GB reserved,     320.00 KB ( <1%) committed,  1 nodes.
             Both:        1.01 GB reserved,       2.44 MB ( <1%) committed. 

Chunk freelists:
   Non-Class:  3.92 MB
       Class:  3.71 MB
        Both:  7.63 MB

MaxMetaspaceSize: unlimited
CompressedClassSpaceSize: 1.00 GB
Initial GC threshold: 21.00 MB
Current GC threshold: 21.00 MB
CDS: on
MetaspaceReclaimPolicy: balanced
 - commit_granule_bytes: 65536.
 - commit_granule_words: 8192.
 - virtual_space_node_default_size: 1048576.
 - enlarge_chunks_in_place: 1.
 - new_chunks_are_fully_committed: 0.
 - uncommit_free_chunks: 1.
 - use_allocation_guard: 0.
 - handle_deallocations: 1.


Internal statistics:

num_allocs_failed_limit: 0.
num_arena_births: 68.
num_arena_deaths: 0.
num_vsnodes_births: 2.
num_vsnodes_deaths: 0.
num_space_committed: 39.
num_space_uncommitted: 0.
num_chunks_returned_to_freelist: 0.
num_chunks_taken_from_freelist: 80.
num_chunk_merges: 0.
num_chunk_splits: 52.
num_chunks_enlarged: 25.
num_purges: 0.
num_inconsistent_stats: 0.

CodeHeap 'non-profiled nmethods': size=120000Kb used=166Kb max_used=166Kb free=119833Kb
 bounds [0x000001a070cc0000, 0x000001a070f30000, 0x000001a0781f0000]
CodeHeap 'profiled nmethods': size=120000Kb used=680Kb max_used=680Kb free=119319Kb
 bounds [0x000001a0691f0000, 0x000001a069460000, 0x000001a070720000]
CodeHeap 'non-nmethods': size=5760Kb used=1135Kb max_used=1135Kb free=4624Kb
 bounds [0x000001a070720000, 0x000001a070990000, 0x000001a070cc0000]
 total_blobs=932 nmethods=512 adapters=333
 compilation: enabled
              stopped_count=0, restarted_count=0
 full_count=0

Compilation events (20 events):
Event: 0.381 Thread 0x000001a07f535ab0  497       3       java.lang.invoke.InvokerBytecodeGenerator::emitImplicitConversion (161 bytes)
Event: 0.383 Thread 0x000001a07f535ab0 nmethod 497 0x000001a069291790 code [0x000001a069291aa0, 0x000001a069292938]
Event: 0.383 Thread 0x000001a07f535ab0  490       3       jdk.internal.org.objectweb.asm.SymbolTable::hash (15 bytes)
Event: 0.384 Thread 0x000001a07f535ab0 nmethod 490 0x000001a069292e10 code [0x000001a069292fc0, 0x000001a069293158]
Event: 0.384 Thread 0x000001a07f535ab0  501       3       java.lang.invoke.InvokerBytecodeGenerator::emitPushArgument (150 bytes)
Event: 0.385 Thread 0x000001a07f535ab0 nmethod 501 0x000001a069293290 code [0x000001a069293560, 0x000001a069294448]
Event: 0.385 Thread 0x000001a07f535ab0  502       3       java.lang.invoke.InvokerBytecodeGenerator::emitLoadInsn (21 bytes)
Event: 0.386 Thread 0x000001a07f535ab0 nmethod 502 0x000001a069294810 code [0x000001a0692949c0, 0x000001a069294c18]
Event: 0.386 Thread 0x000001a07f535ab0  503       3       java.lang.invoke.InvokerBytecodeGenerator::loadInsnOpcode (98 bytes)
Event: 0.387 Thread 0x000001a07f535ab0 nmethod 503 0x000001a069294d90 code [0x000001a069295000, 0x000001a069295a18]
Event: 0.387 Thread 0x000001a07f535ab0  509       3       jdk.internal.org.objectweb.asm.Frame::getAbstractTypeFromDescriptor (415 bytes)
Event: 0.389 Thread 0x000001a07f535ab0 nmethod 509 0x000001a069295d10 code [0x000001a0692960c0, 0x000001a069297c18]
Event: 0.389 Thread 0x000001a07f535ab0  491       3       jdk.internal.org.objectweb.asm.SymbolTable$Entry::<init> (18 bytes)
Event: 0.390 Thread 0x000001a07f535ab0 nmethod 491 0x000001a069298510 code [0x000001a0692986c0, 0x000001a069298848]
Event: 0.390 Thread 0x000001a07f535ab0  508       3       java.lang.invoke.MethodType$ConcurrentWeakInternSet::add (66 bytes)
Event: 0.391 Thread 0x000001a07f535ab0 nmethod 508 0x000001a069298910 code [0x000001a069298ba0, 0x000001a0692999c8]
Event: 0.391 Thread 0x000001a07f535ab0  498       3       java.lang.invoke.MemberName::init (67 bytes)
Event: 0.391 Thread 0x000001a07f535ab0 nmethod 498 0x000001a069299f10 code [0x000001a06929a0c0, 0x000001a06929a2f8]
Event: 0.391 Thread 0x000001a07f535ab0  510       1       jdk.internal.org.objectweb.asm.SymbolTable::getMajorVersion (5 bytes)
Event: 0.391 Thread 0x000001a07f535ab0 nmethod 510 0x000001a070ce9590 code [0x000001a070ce9720, 0x000001a070ce97f8]

GC Heap History (0 events):
No events

Deoptimization events (12 events):
Event: 0.246 Thread 0x000001a061977350 Uncommon trap: trap_request=0xffffff45 fr.pc=0x000001a070cd42d0 relative=0x0000000000000490
Event: 0.246 Thread 0x000001a061977350 Uncommon trap: reason=unstable_if action=reinterpret pc=0x000001a070cd42d0 method=java.lang.StringLatin1.replace([BCC)Ljava/lang/String; @ 19 c2
Event: 0.246 Thread 0x000001a061977350 DEOPT PACKING pc=0x000001a070cd42d0 sp=0x00000096c8afea40
Event: 0.246 Thread 0x000001a061977350 DEOPT UNPACKING pc=0x000001a0707723a3 sp=0x00000096c8afe9c0 mode 2
Event: 0.256 Thread 0x000001a061977350 Uncommon trap: trap_request=0xffffff45 fr.pc=0x000001a070cc8adc relative=0x000000000000005c
Event: 0.256 Thread 0x000001a061977350 Uncommon trap: reason=unstable_if action=reinterpret pc=0x000001a070cc8adc method=java.lang.String.isLatin1()Z @ 10 c2
Event: 0.256 Thread 0x000001a061977350 DEOPT PACKING pc=0x000001a070cc8adc sp=0x00000096c8afe450
Event: 0.256 Thread 0x000001a061977350 DEOPT UNPACKING pc=0x000001a0707723a3 sp=0x00000096c8afe3e0 mode 2
Event: 0.256 Thread 0x000001a061977350 Uncommon trap: trap_request=0xffffff45 fr.pc=0x000001a070cce874 relative=0x0000000000000074
Event: 0.256 Thread 0x000001a061977350 Uncommon trap: reason=unstable_if action=reinterpret pc=0x000001a070cce874 method=java.lang.String.isLatin1()Z @ 10 c2
Event: 0.256 Thread 0x000001a061977350 DEOPT PACKING pc=0x000001a070cce874 sp=0x00000096c8afede0
Event: 0.256 Thread 0x000001a061977350 DEOPT UNPACKING pc=0x000001a0707723a3 sp=0x00000096c8afed20 mode 2

Classes unloaded (0 events):
No events

Classes redefined (0 events):
No events

Internal exceptions (8 events):
Event: 0.214 Thread 0x000001a061977350 Exception <a 'java/lang/NoSuchMethodError'{0x0000000091752280}: 'void java.lang.invoke.DirectMethodHandle$Holder.invokeSpecial(java.lang.Object, java.lang.Object, java.lang.Object)'> (0x0000000091752280) 
thrown [s\open\src\hotspot\share\interpreter\linkResolver.cpp, line 759]
Event: 0.222 Thread 0x000001a061977350 Exception <a 'java/lang/NoSuchMethodError'{0x0000000091765ab0}: 'void java.lang.invoke.DirectMethodHandle$Holder.invokeSpecial(java.lang.Object, java.lang.Object, java.lang.Object, java.lang.Object, java.lang.Object)'> (0x0000000091765ab0) 
thrown [s\open\src\hotspot\share\interpreter\linkResolver.cpp, line 759]
Event: 0.228 Thread 0x000001a061977350 Exception <a 'java/lang/NoSuchMethodError'{0x00000000917754c8}: 'java.lang.Object java.lang.invoke.DirectMethodHandle$Holder.invokeInterface(java.lang.Object, java.lang.Object)'> (0x00000000917754c8) 
thrown [s\open\src\hotspot\share\interpreter\linkResolver.cpp, line 759]
Event: 0.229 Thread 0x000001a061977350 Exception <a 'java/lang/IncompatibleClassChangeError'{0x0000000091778d90}: Found class java.lang.Object, but interface was expected> (0x0000000091778d90) 
thrown [s\open\src\hotspot\share\interpreter\linkResolver.cpp, line 826]
Event: 0.230 Thread 0x000001a061977350 Exception <a 'java/lang/NoSuchMethodError'{0x000000009177bb58}: 'void java.lang.invoke.DirectMethodHandle$Holder.invokeStatic(java.lang.Object, java.lang.Object, java.lang.Object, java.lang.Object)'> (0x000000009177bb58) 
thrown [s\open\src\hotspot\share\interpreter\linkResolver.cpp, line 759]
Event: 0.307 Thread 0x000001a061977350 Exception <a 'java/lang/ClassNotFoundException'{0x0000000091655eb0}: sun/awt/resources/spi/awtProvider> (0x0000000091655eb0) 
thrown [s\open\src\hotspot\share\classfile\systemDictionary.cpp, line 256]
Event: 0.343 Thread 0x000001a061977350 Exception <a 'java/io/FileNotFoundException'{0x00000000916a7770}> (0x00000000916a7770) 
thrown [s\open\src\hotspot\share\prims\jni.cpp, line 516]
Event: 0.356 Thread 0x000001a061977350 Exception <a 'java/io/FileNotFoundException'{0x00000000916d46a8}> (0x00000000916d46a8) 
thrown [s\open\src\hotspot\share\prims\jni.cpp, line 516]

VM Operations (4 events):
Event: 0.162 Executing VM operation: HandshakeAllThreads
Event: 0.162 Executing VM operation: HandshakeAllThreads done
Event: 0.225 Executing VM operation: HandshakeAllThreads
Event: 0.225 Executing VM operation: HandshakeAllThreads done

Events (20 events):
Event: 0.407 loading class sun/awt/image/PixelConverter$Ushort4444Argb
Event: 0.407 loading class sun/awt/image/PixelConverter$Ushort4444Argb done
Event: 0.407 loading class sun/awt/image/PixelConverter$ByteGray
Event: 0.408 loading class sun/awt/image/PixelConverter$ByteGray done
Event: 0.408 loading class sun/awt/image/PixelConverter$UshortGray
Event: 0.408 loading class sun/awt/image/PixelConverter$UshortGray done
Event: 0.408 loading class sun/awt/image/PixelConverter$Rgbx
Event: 0.408 loading class sun/awt/image/PixelConverter$Rgbx done
Event: 0.408 loading class sun/awt/image/PixelConverter$Bgrx
Event: 0.408 loading class sun/awt/image/PixelConverter$Bgrx done
Event: 0.408 loading class sun/awt/image/PixelConverter$ArgbBm
Event: 0.408 loading class sun/awt/image/PixelConverter$ArgbBm done
Event: 0.408 loading class java/awt/image/ColorModel
Event: 0.409 loading class java/awt/image/ColorModel done
Event: 0.409 loading class java/awt/image/ColorModel$1
Event: 0.410 loading class java/awt/image/ColorModel$1 done
Event: 0.420 loading class java/awt/image/DirectColorModel
Event: 0.420 loading class java/awt/image/PackedColorModel
Event: 0.420 loading class java/awt/image/PackedColorModel done
Event: 0.420 loading class java/awt/image/DirectColorModel done


Dynamic libraries:
0x00007ff71dc30000 - 0x00007ff71dc40000 	C:\Program Files\Java\jdk-17\bin\javaw.exe
0x00007ff8e14d0000 - 0x00007ff8e16e7000 	C:\WINDOWS\SYSTEM32\ntdll.dll
0x00007ff87f9e0000 - 0x00007ff87f9f9000 	C:\Program Files\Avast Software\Avast\aswhook.dll
0x00007ff8df480000 - 0x00007ff8df544000 	C:\WINDOWS\System32\KERNEL32.DLL
0x00007ff8de920000 - 0x00007ff8deccc000 	C:\WINDOWS\System32\KERNELBASE.dll
0x00007ff8de800000 - 0x00007ff8de911000 	C:\WINDOWS\System32\ucrtbase.dll
0x00007ff8ccba0000 - 0x00007ff8ccbb8000 	C:\Program Files\Java\jdk-17\bin\jli.dll
0x00007ff8e11f0000 - 0x00007ff8e12a2000 	C:\WINDOWS\System32\ADVAPI32.dll
0x00007ff8ccbc0000 - 0x00007ff8ccbdb000 	C:\Program Files\Java\jdk-17\bin\VCRUNTIME140.dll
0x00007ff8e13e0000 - 0x00007ff8e1487000 	C:\WINDOWS\System32\msvcrt.dll
0x00007ff8dfd50000 - 0x00007ff8dfdf8000 	C:\WINDOWS\System32\sechost.dll
0x00007ff8ded90000 - 0x00007ff8dedb8000 	C:\WINDOWS\System32\bcrypt.dll
0x00007ff8e0c10000 - 0x00007ff8e0d25000 	C:\WINDOWS\System32\RPCRT4.dll
0x00007ff8df2d0000 - 0x00007ff8df47e000 	C:\WINDOWS\System32\USER32.dll
0x00007ff8defb0000 - 0x00007ff8defd6000 	C:\WINDOWS\System32\win32u.dll
0x00007ff8cd3a0000 - 0x00007ff8cd633000 	C:\WINDOWS\WinSxS\amd64_microsoft.windows.common-controls_6595b64144ccf1df_6.0.22621.3672_none_2713b9d173822955\COMCTL32.dll
0x00007ff8e12b0000 - 0x00007ff8e12d9000 	C:\WINDOWS\System32\GDI32.dll
0x00007ff8defe0000 - 0x00007ff8df0f9000 	C:\WINDOWS\System32\gdi32full.dll
0x00007ff8df170000 - 0x00007ff8df20a000 	C:\WINDOWS\System32\msvcp_win.dll
0x00007ff8d67f0000 - 0x00007ff8d67fa000 	C:\WINDOWS\SYSTEM32\VERSION.dll
0x00007ff8df290000 - 0x00007ff8df2c1000 	C:\WINDOWS\System32\IMM32.DLL
0x00007ff8ccb90000 - 0x00007ff8ccb9c000 	C:\Program Files\Java\jdk-17\bin\vcruntime140_1.dll
0x00007ff8aff30000 - 0x00007ff8affbe000 	C:\Program Files\Java\jdk-17\bin\msvcp140.dll
0x00007fffd96c0000 - 0x00007fffda297000 	C:\Program Files\Java\jdk-17\bin\server\jvm.dll
0x00007ff8e0e10000 - 0x00007ff8e0e18000 	C:\WINDOWS\System32\PSAPI.DLL
0x00007ff8bfeb0000 - 0x00007ff8bfeb9000 	C:\WINDOWS\SYSTEM32\WSOCK32.dll
0x00007ff8d75f0000 - 0x00007ff8d7624000 	C:\WINDOWS\SYSTEM32\WINMM.dll
0x00007ff8e0700000 - 0x00007ff8e0771000 	C:\WINDOWS\System32\WS2_32.dll
0x00007ff8dd7f0000 - 0x00007ff8dd808000 	C:\WINDOWS\SYSTEM32\kernel.appcore.dll
0x00007ff8ccb80000 - 0x00007ff8ccb8a000 	C:\Program Files\Java\jdk-17\bin\jimage.dll
0x00007ff8d5b60000 - 0x00007ff8d5d92000 	C:\WINDOWS\SYSTEM32\DBGHELP.DLL
0x00007ff8e0780000 - 0x00007ff8e0b08000 	C:\WINDOWS\System32\combase.dll
0x00007ff8df550000 - 0x00007ff8df627000 	C:\WINDOWS\System32\OLEAUT32.dll
0x00007ff8d6a50000 - 0x00007ff8d6a82000 	C:\WINDOWS\SYSTEM32\dbgcore.DLL
0x00007ff8dedc0000 - 0x00007ff8dee3b000 	C:\WINDOWS\System32\bcryptPrimitives.dll
0x00007ff8b83c0000 - 0x00007ff8b83e5000 	C:\Program Files\Java\jdk-17\bin\java.dll
0x00007ff879200000 - 0x00007ff8792d7000 	C:\Program Files\Java\jdk-17\bin\jsvml.dll
0x00007ff8dfea0000 - 0x00007ff8e06fc000 	C:\WINDOWS\System32\SHELL32.dll
0x00007ff8dc700000 - 0x00007ff8dcff7000 	C:\WINDOWS\SYSTEM32\windows.storage.dll
0x00007ff8dc5c0000 - 0x00007ff8dc6ff000 	C:\WINDOWS\SYSTEM32\wintypes.dll
0x00007ff8e0b10000 - 0x00007ff8e0c04000 	C:\WINDOWS\System32\SHCORE.dll
0x00007ff8dfcf0000 - 0x00007ff8dfd4e000 	C:\WINDOWS\System32\shlwapi.dll
0x00007ff8de730000 - 0x00007ff8de751000 	C:\WINDOWS\SYSTEM32\profapi.dll
0x00007ff8d9b40000 - 0x00007ff8d9b59000 	C:\Program Files\Java\jdk-17\bin\net.dll
0x00007ff8d73c0000 - 0x00007ff8d74f6000 	C:\WINDOWS\SYSTEM32\WINHTTP.dll
0x00007ff8ddc50000 - 0x00007ff8ddcb9000 	C:\WINDOWS\system32\mswsock.dll
0x00007ff8d8d00000 - 0x00007ff8d8d16000 	C:\Program Files\Java\jdk-17\bin\nio.dll
0x00007ff8d8ce0000 - 0x00007ff8d8cf8000 	C:\Program Files\Java\jdk-17\bin\zip.dll
0x00007ff892ca0000 - 0x00007ff892e31000 	C:\Program Files\Java\jdk-17\bin\awt.dll
0x00007ff8dbb40000 - 0x00007ff8dbbd7000 	C:\WINDOWS\SYSTEM32\apphelp.dll

dbghelp: loaded successfully - version: 4.0.5 - missing functions: none
symbol engine: initialized successfully - sym options: 0x614 - pdb path: .;C:\Program Files\Java\jdk-17\bin;C:\WINDOWS\SYSTEM32;C:\Program Files\Avast Software\Avast;C:\WINDOWS\WinSxS\amd64_microsoft.windows.common-controls_6595b64144ccf1df_6.0.22621.3672_none_2713b9d173822955;C:\Program Files\Java\jdk-17\bin\server

VM Arguments:
jvm_args: -Dfile.encoding=UTF-8 -Dstdout.encoding=UTF-8 -Dstderr.encoding=UTF-8 --module-path=C:\Users\eliza\Downloads\mysql-connector-j-8.4.0\mysql-connector-j-8.4.0\mysql-connector-j-8.4.0.jar -XX:+ShowCodeDetailsInExceptionMessages 
java_command: br.com.sistema.view.FormularioClientes
java_class_path (initial): C:\Users\eliza\OneDrive\Documentos\Curso de Java\sistema estoque\bin;C:\Users\eliza\OneDrive\Documentos\Curso de Java\sistema estoque\jgoodies-common-1.8.0.jar;C:\Users\eliza\OneDrive\Documentos\Curso de Java\sistema estoque\jgoodies-forms-1.8.0.jar
Launcher Type: SUN_STANDARD

[Global flags]
     intx CICompilerCount                          = 4                                         {product} {ergonomic}
     uint ConcGCThreads                            = 2                                         {product} {ergonomic}
     uint G1ConcRefinementThreads                  = 8                                         {product} {ergonomic}
   size_t G1HeapRegionSize                         = 1048576                                   {product} {ergonomic}
    uintx GCDrainStackTargetSize                   = 64                                        {product} {ergonomic}
   size_t InitialHeapSize                          = 123731968                                 {product} {ergonomic}
   size_t MarkStackSize                            = 4194304                                   {product} {ergonomic}
   size_t MaxHeapSize                              = 1975517184                                {product} {ergonomic}
   size_t MaxNewSize                               = 1184890880                                {product} {ergonomic}
   size_t MinHeapDeltaBytes                        = 1048576                                   {product} {ergonomic}
   size_t MinHeapSize                              = 8388608                                   {product} {ergonomic}
    uintx NonNMethodCodeHeapSize                   = 5839372                                {pd product} {ergonomic}
    uintx NonProfiledCodeHeapSize                  = 122909434                              {pd product} {ergonomic}
    uintx ProfiledCodeHeapSize                     = 122909434                              {pd product} {ergonomic}
    uintx ReservedCodeCacheSize                    = 251658240                              {pd product} {ergonomic}
     bool SegmentedCodeCache                       = true                                      {product} {ergonomic}
     bool ShowCodeDetailsInExceptionMessages       = true                                   {manageable} {command line}
   size_t SoftMaxHeapSize                          = 1975517184                             {manageable} {ergonomic}
     bool UseCompressedClassPointers               = true                           {product lp64_product} {ergonomic}
     bool UseCompressedOops                        = true                           {product lp64_product} {ergonomic}
     bool UseG1GC                                  = true                                      {product} {ergonomic}
     bool UseLargePagesIndividualAllocation        = false                                  {pd product} {ergonomic}

Logging:
Log output configuration:
 #0: stdout all=warning uptime,level,tags
 #1: stderr all=off uptime,level,tags

Environment Variables:
JAVA_HOME="C:\Program Files\Java\jdk-17"
PATH=C:\Program Files\Eclipse Adoptium\jdk-21.0.3.9-hotspot\bin;C:\Program Files\Common Files\Oracle\Java\javapath;C:\Program Files (x86)\Common Files\Oracle\Java\java8path;C:\Program Files (x86)\Common Files\Oracle\Java\javapath;C:\Windows\system32;C:\Windows;C:\Windows\System32\Wbem;C:\Windows\System32\WindowsPowerShell\v1.0\;C:\Windows\System32\OpenSSH\;C:\Program Files (x86)\NVIDIA Corporation\PhysX\Common;C:\Program Files\NVIDIA Corporation\NVIDIA NvDLISR;C:\WINDOWS\system32;C:\WINDOWS;C:\WINDOWS\System32\Wbem;C:\WINDOWS\System32\WindowsPowerShell\v1.0\;C:\WINDOWS\System32\OpenSSH\;C:\MinGW\bin;"C:\Program Files\Java\jdk-17"\bin;C:\Maven\bin;C:\Maven\bin;C:\Program Files\dotnet\;C:\Program Files\Git\cmd;C:\Windows\Microsoft.NET\Framework64\v4.0.30319;C:\Program Files\Microsoft SQL Server\150\Tools\Binn\;C:\Program Files\Microsoft SQL Server\Client SDK\ODBC\170\Tools\Binn\;C:\Users\eliza\AppData\Local\Programs\Python\Python311\Scripts\;C:\Users\eliza\AppData\Local\Programs\Python\Python311\;C:\Users\eliza\AppData\Local\Microsoft\WindowsApps;C:\MinGW\bin;C:\Users\eliza\AppData\Local\Programs\Microsoft VS Code\bin;"C:\Program Files\Java\jdk-17"\bin;C:\Maven\bin;C:\Maven\bin;C:\Program Files (x86)\Nmap;C:\Users\eliza\AppData\Local\GitHubDesktop\bin;C:\Windows\Microsoft.NET\Framework64\v4.0.30319;C:\Users\eliza\.dotnet\tools;
USERNAME=eliza
OS=Windows_NT
PROCESSOR_IDENTIFIER=AMD64 Family 25 Model 80 Stepping 0, AuthenticAMD



---------------  S Y S T E M  ---------------

OS:
 Windows 11 , 64 bit Build 22621 (10.0.22621.3672)
OS uptime: 1 days 3:02 hours
Hyper-V role detected

CPU: total 8 (initial active 8) (12 cores per cpu, 2 threads per core) family 25 model 80 stepping 0 microcode 0x0, cx8, cmov, fxsr, ht, mmx, 3dnowpref, sse, sse2, sse3, ssse3, sse4a, sse4.1, sse4.2, popcnt, lzcnt, tsc, tscinvbit, avx, avx2, aes, erms, clmul, bmi1, bmi2, adx, sha, fma, vzeroupper, clflush, clflushopt, hv

Memory: 4k page, system-wide physical 7532M (396M free)
TotalPageFile size 17400M (AvailPageFile size 10M)
current process WorkingSet (physical memory assigned to process): 42M, peak: 42M
current process commit charge ("private bytes"): 204M, peak: 204M

vm_info: Java HotSpot(TM) 64-Bit Server VM (17.0.6+9-LTS-190) for windows-amd64 JRE (17.0.6+9-LTS-190), built on Dec  6 2022 15:53:54 by "mach5one" with MS VC++ 17.1 (VS2022)

END.
